c:\users\william zhang\desktop\quanthomework\william_zhang level 9\group f\projects\fdm\fdm\debug\vc142.pdb
c:\users\william zhang\desktop\quanthomework\william_zhang level 9\group f\projects\fdm\fdm\debug\vc142.idb
c:\users\william zhang\desktop\quanthomework\william_zhang level 9\group f\projects\fdm\fdm\debug\testbspde1.obj
c:\users\william zhang\desktop\quanthomework\william_zhang level 9\group f\projects\fdm\fdm\debug\datasimexception.obj
c:\users\william zhang\desktop\quanthomework\william_zhang level 9\group f\projects\fdm\fdm\debug\stringconversions.obj
c:\users\william zhang\desktop\quanthomework\william_zhang level 9\group f\projects\fdm\debug\fdm.exe
c:\users\william zhang\desktop\quanthomework\william_zhang level 9\group f\projects\fdm\debug\fdm.ilk
c:\users\william zhang\desktop\quanthomework\william_zhang level 9\group f\projects\fdm\debug\fdm.pdb
c:\users\william zhang\desktop\quanthomework\william_zhang level 9\group f\projects\fdm\fdm\debug\excel.tli
c:\users\william zhang\desktop\quanthomework\william_zhang level 9\group f\projects\fdm\fdm\debug\mso.tli
c:\users\william zhang\desktop\quanthomework\william_zhang level 9\group f\projects\fdm\fdm\debug\vbe6ext.tli
c:\users\william zhang\desktop\quanthomework\william_zhang level 9\group f\projects\fdm\fdm\debug\excel.tlh
c:\users\william zhang\desktop\quanthomework\william_zhang level 9\group f\projects\fdm\fdm\debug\mso.tlh
c:\users\william zhang\desktop\quanthomework\william_zhang level 9\group f\projects\fdm\fdm\debug\vbe6ext.tlh
c:\users\william zhang\desktop\quanthomework\william_zhang level 9\group f\projects\fdm\fdm\debug\fdm.tlog\cl.command.1.tlog
c:\users\william zhang\desktop\quanthomework\william_zhang level 9\group f\projects\fdm\fdm\debug\fdm.tlog\cl.read.1.tlog
c:\users\william zhang\desktop\quanthomework\william_zhang level 9\group f\projects\fdm\fdm\debug\fdm.tlog\cl.write.1.tlog
c:\users\william zhang\desktop\quanthomework\william_zhang level 9\group f\projects\fdm\fdm\debug\fdm.tlog\link.command.1.tlog
c:\users\william zhang\desktop\quanthomework\william_zhang level 9\group f\projects\fdm\fdm\debug\fdm.tlog\link.read.1.tlog
c:\users\william zhang\desktop\quanthomework\william_zhang level 9\group f\projects\fdm\fdm\debug\fdm.tlog\link.write.1.tlog
