c:\users\william zhang\desktop\quanthomework\william_zhang level 9\group e\excelvisualisation\excelvisualisation\debug\vc142.pdb
c:\users\william zhang\desktop\quanthomework\william_zhang level 9\group e\excelvisualisation\excelvisualisation\debug\vc142.idb
c:\users\william zhang\desktop\quanthomework\william_zhang level 9\group e\excelvisualisation\excelvisualisation\debug\option.obj
c:\users\william zhang\desktop\quanthomework\william_zhang level 9\group e\excelvisualisation\excelvisualisation\debug\exceleuropean.obj
c:\users\william zhang\desktop\quanthomework\william_zhang level 9\group e\excelvisualisation\excelvisualisation\debug\datasimexception.obj
c:\users\william zhang\desktop\quanthomework\william_zhang level 9\group e\excelvisualisation\excelvisualisation\debug\stringconversions.obj
c:\users\william zhang\desktop\quanthomework\william_zhang level 9\group e\excelvisualisation\excelvisualisation\debug\europeanoption.obj
c:\users\william zhang\desktop\quanthomework\william_zhang level 9\group e\excelvisualisation\debug\excelvisualisation.ilk
c:\users\william zhang\desktop\quanthomework\william_zhang level 9\group e\excelvisualisation\debug\excelvisualisation.exe
c:\users\william zhang\desktop\quanthomework\william_zhang level 9\group e\excelvisualisation\debug\excelvisualisation.pdb
c:\users\william zhang\desktop\quanthomework\william_zhang level 9\group e\excelvisualisation\excelvisualisation\debug\excel.tli
c:\users\william zhang\desktop\quanthomework\william_zhang level 9\group e\excelvisualisation\excelvisualisation\debug\mso.tli
c:\users\william zhang\desktop\quanthomework\william_zhang level 9\group e\excelvisualisation\excelvisualisation\debug\vbe6ext.tli
c:\users\william zhang\desktop\quanthomework\william_zhang level 9\group e\excelvisualisation\excelvisualisation\debug\excel.tlh
c:\users\william zhang\desktop\quanthomework\william_zhang level 9\group e\excelvisualisation\excelvisualisation\debug\mso.tlh
c:\users\william zhang\desktop\quanthomework\william_zhang level 9\group e\excelvisualisation\excelvisualisation\debug\vbe6ext.tlh
c:\users\william zhang\desktop\quanthomework\william_zhang level 9\group e\excelvisualisation\excelvisualisation\debug\excelvis.f980955c.tlog\cl.command.1.tlog
c:\users\william zhang\desktop\quanthomework\william_zhang level 9\group e\excelvisualisation\excelvisualisation\debug\excelvis.f980955c.tlog\cl.read.1.tlog
c:\users\william zhang\desktop\quanthomework\william_zhang level 9\group e\excelvisualisation\excelvisualisation\debug\excelvis.f980955c.tlog\cl.write.1.tlog
c:\users\william zhang\desktop\quanthomework\william_zhang level 9\group e\excelvisualisation\excelvisualisation\debug\excelvis.f980955c.tlog\link.command.1.tlog
c:\users\william zhang\desktop\quanthomework\william_zhang level 9\group e\excelvisualisation\excelvisualisation\debug\excelvis.f980955c.tlog\link.read.1.tlog
c:\users\william zhang\desktop\quanthomework\william_zhang level 9\group e\excelvisualisation\excelvisualisation\debug\excelvis.f980955c.tlog\link.write.1.tlog
